<?xml version="1.0" encoding="UTF-8"?>
<!-- Generated by org.testng.reporters.JUnitReportReporter -->
<testsuite hostname="LAPTOP-GBAA4I4D" name="com.app.testng.TestNGAnnotations" tests="1" failures="0" timestamp="13 Jan 2023 17:04:27 GMT" time="0.005" errors="0">
  <testcase name="test1" time="0.005" classname="com.app.testng.TestNGAnnotations"/>
</testsuite> <!-- com.app.testng.TestNGAnnotations -->
