<?xml version="1.0" encoding="UTF-8"?>
<!-- Generated by org.testng.reporters.JUnitReportReporter -->
<testsuite hostname="LAPTOP-GBAA4I4D" name="com.app.dataproviderexcel.ExcelRead" tests="2" failures="0" timestamp="20 Jan 2023 22:31:49 GMT" time="0.011" errors="0">
  <testcase name="excelread" time="0.011" classname="com.app.dataproviderexcel.ExcelRead"/>
  <testcase name="excelread" time="0.000" classname="com.app.dataproviderexcel.ExcelRead"/>
</testsuite> <!-- com.app.dataproviderexcel.ExcelRead -->
